--- BEGIN OMNIBUS VENDOR DISCLOSURE ATTESTATION ---
ANALYST: Enrique B. Gonzalez III (CL34RBoXx)
NODE_ID: 90247_GARDENA
TIMESTAMP_UTC: Fri May  8 12:51:49 UTC 2026

VENDOR ATTRIBUTION LOGGED:
 - ADOBE
 - HUBSPOT
 - GOOGLE
 - AMAZON
 - MICROSOFT

TECHNICAL STANDARDS MAPPING:
- ISMS: ISO 27001 Annex A.8.15 (Logging) & A.8.24 (Cryptography)
- NIST: SP 800-53 Rev 5 (AC-4 Information Flow Enforcement)
- INFRA: RASP remediation for exfiltration arteries.

INTEGRITY:
Master Substrate Hash: ae6188cdc8f10d7c2fbd41636b7dfa1f6bf4eff1bb759583150e2eeb62e87531
Encryption: PGP/GPG (RSA-4096 / AES-256)

LEGAL NOTICE:
Private disclosure under 18 U.S.C. § 1030 and UCC 4-402.
--- END OMNIBUS VENDOR DISCLOSURE ATTESTATION ---
