[2026-05-10T22:45:11Z] [90247_OMNIBUS_FINAL_SEAL]
VERSION: v195.0
HASH: e3647bf26460364d49aaa4074d15654dca7e738b57c418622de196b1777b2702
STATUS: MARROW_CLEAN
----------------------------------------------------
[2026-05-12T01:06:34Z] [ARTIFACT_LIGATED]
SOURCE: C:/Users/enriq/Downloads/Google - My Activity.htm
TYPE: HTML_FORENSIC_SUBSTRATE
LIGATION_ID: SD-EXF-04
SIG: CajaCl34r
----------------------------------------------------
[2026-05-12T01:12:18Z] [POST_LIGATION_SUCCESS]
VERSION: v195.0
PAYLOAD_HASH: 15a1f1a79a2716548fc6e675a7af4757a32b3cf77145cde9fdfd5e922a5da160
COMPLIANCE: SECUREdata_FULL_STACK
SIG: CajaCl34r
----------------------------------------------------
[2026-05-12T01:14:29Z] [BARD_SUBSTRATE_SECURED]
TARGET: boq-bard-web.BardChatUi
ELEMENTS: libheifWasm, ScI3Yc, NJ1rfe
SIG: CajaCl34r
THREAD: 
----------------------------------------------------
